<?xml version="1.0" encoding="UTF-8"?>
<!-- Generated by org.testng.reporters.JUnitReportReporter -->
<testsuite skipped="0" hostname="A2ML20121" name="com.testng.NewTest" tests="1" failures="0" timestamp="06 Dec 2017 19:37:07 GMT" time="0.016" errors="0">
  <testcase name="f" time="0.016" classname="com.testng.NewTest"/>
</testsuite> <!-- com.testng.NewTest -->
